#-----------------------------------------------------------
# Vivado v2021.1 (64-bit)
# SW Build 3247384 on Thu Jun 10 19:36:33 MDT 2021
# IP Build 3246043 on Fri Jun 11 00:30:35 MDT 2021
# Start of session at: Thu Jun 30 17:22:34 2022
# Process ID: 5132
# Current directory: C:/Users/austy/Desktop/USF/FPGA Projects/Final_Project
# Command line: vivado.exe -gui_launcher_event rodinguilauncherevent3392 C:\Users\austy\Desktop\USF\FPGA Projects\Final_Project\Final_Project.xpr
# Log file: C:/Users/austy/Desktop/USF/FPGA Projects/Final_Project/vivado.log
# Journal file: C:/Users/austy/Desktop/USF/FPGA Projects/Final_Project\vivado.jou
#-----------------------------------------------------------
start_gui
open_project {C:/Users/austy/Desktop/USF/FPGA Projects/Final_Project/Final_Project.xpr}
WARNING: [filemgmt 56-3] Default IP Output Path : Could not find the directory 'C:/Users/austy/Desktop/USF/FPGA Projects/Final_Project/Final_Project.gen/sources_1'.
Scanning sources...
Finished scanning sources
INFO: [IP_Flow 19-234] Refreshing IP repositories
INFO: [IP_Flow 19-1704] No user IP repositories specified
INFO: [IP_Flow 19-2313] Loaded Vivado IP repository 'C:/Xilinx/Vivado/2021.1/data/ip'.
open_project: Time (s): cpu = 00:00:32 ; elapsed = 00:00:17 . Memory (MB): peak = 1123.285 ; gain = 0.000
update_compile_order -fileset sources_1
exit
INFO: [Common 17-206] Exiting Vivado at Thu Jun 30 17:24:17 2022...
